<?xml version="1.0" encoding="utf-8" ?>
<!DOCTYPE html PUBLIC "-//W3C//DTD XHTML 1.0 Strict//EN"
        "http://www.w3.org/TR/xhtml1/DTD/xhtml1-strict.dtd">
<html xmlns="http://www.w3.org/1999/xhtml" xml:lang="" lang="">
<head>
  <title>Test Results Report - Test1</title>
  <meta http-equiv="Content-Type" content="text/html;charset=utf-8" />
  <meta name="description" content="TestNG unit test results." />
  <link href="reportng.css" rel="stylesheet" type="text/css" />
    <script type="text/javascript" src="reportng.js"></script>
</head>
<body>
<h1>Test1</h1>
<p>
  Test duration: 9561.235s
</p>

  <table class="resultsTable configTable">
    <tr><th colspan="3" class="header failedConfig">Failed Configuration</th></tr>
              <tr class="group">
        <td colspan="3">Tmall_One.Get_mall.ParallelClassesTestTWO</td>
      </tr>
            
<tr>
  <td class="method">
                  afterClass
      </td>
  <td class="duration">
    0.000s
  </td>
  <td class="result">
        
    
        

        <a href="javascript:toggleElement('exception-0', 'block')" title="Click to expand/collapse"><b>org.openqa.selenium.remote.UnreachableBrowserException: Error communicating with the remote browser. It may have died.<br/>
Build info: version: &apos;2.44.0&apos;, revision: &apos;76d78cf&apos;, time: &apos;2014-10-23 20:02:37&apos;<br/>
System info: host: &apos;WIN-NP5128&apos;, ip: &apos;192.168.2.100&apos;, os.name: &apos;Windows 7&apos;, os.arch: &apos;amd64&apos;, os.version: &apos;6.1&apos;, java.version: &apos;1.7.0_17&apos;<br/>
Driver info: driver.version: RemoteWebDriver</b></a><br />
    <div class="stackTrace" id="exception-0">
              org.openqa.selenium.remote.RemoteWebDriver.execute(RemoteWebDriver.java:593)<br />
              io.appium.java_client.AppiumDriver.execute(AppiumDriver.java:180)<br />
              io.appium.java_client.AppiumDriver.execute(AppiumDriver.java:185)<br />
              org.openqa.selenium.remote.RemoteWebDriver.quit(RemoteWebDriver.java:468)<br />
              Tmall_One.Get_mall.ParallelClassesTestTWO.afterClass(ParallelClassesTestTWO.java:46)<br />
              sun.reflect.NativeMethodAccessorImpl.invoke0(Native Method)<br />
              sun.reflect.NativeMethodAccessorImpl.invoke(NativeMethodAccessorImpl.java:57)<br />
              sun.reflect.DelegatingMethodAccessorImpl.invoke(DelegatingMethodAccessorImpl.java:43)<br />
              java.lang.reflect.Method.invoke(Method.java:601)<br />
              org.testng.internal.MethodInvocationHelper.invokeMethod(MethodInvocationHelper.java:84)<br />
              org.testng.internal.Invoker.invokeConfigurationMethod(Invoker.java:564)<br />
              org.testng.internal.Invoker.invokeConfigurations(Invoker.java:213)<br />
              org.testng.internal.Invoker.invokeConfigurations(Invoker.java:138)<br />
              org.testng.internal.TestMethodWorker.invokeAfterClassMethods(TestMethodWorker.java:225)<br />
              org.testng.internal.TestMethodWorker.run(TestMethodWorker.java:114)<br />
              org.testng.TestRunner.privateRun(TestRunner.java:767)<br />
              org.testng.TestRunner.run(TestRunner.java:617)<br />
              org.testng.SuiteRunner.runTest(SuiteRunner.java:334)<br />
              org.testng.SuiteRunner.access$000(SuiteRunner.java:37)<br />
              org.testng.SuiteRunner$SuiteWorker.run(SuiteRunner.java:368)<br />
              org.testng.internal.thread.ThreadUtil$2.call(ThreadUtil.java:64)<br />
              java.util.concurrent.FutureTask$Sync.innerRun(FutureTask.java:334)<br />
              java.util.concurrent.FutureTask.run(FutureTask.java:166)<br />
              java.util.concurrent.ThreadPoolExecutor.runWorker(ThreadPoolExecutor.java:1145)<br />
              java.util.concurrent.ThreadPoolExecutor$Worker.run(ThreadPoolExecutor.java:615)<br />
              java.lang.Thread.run(Thread.java:722)<br />
                    <b>Caused by: </b> <a href="javascript:toggleElement('exception-1', 'block')" title="Click to expand/collapse">org.apache.http.conn.HttpHostConnectException: Connect to 127.0.0.1:4723 [/127.0.0.1] failed: Connection refused: connect</a><br />
        <div class="stackTrace" id="exception-1">
                      org.apache.http.impl.conn.HttpClientConnectionOperator.connect(HttpClientConnectionOperator.java:140)<br />
                      org.apache.http.impl.conn.PoolingHttpClientConnectionManager.connect(PoolingHttpClientConnectionManager.java:318)<br />
                      org.apache.http.impl.execchain.MainClientExec.establishRoute(MainClientExec.java:363)<br />
                      org.apache.http.impl.execchain.MainClientExec.execute(MainClientExec.java:219)<br />
                      org.apache.http.impl.execchain.ProtocolExec.execute(ProtocolExec.java:195)<br />
                      org.apache.http.impl.execchain.RetryExec.execute(RetryExec.java:86)<br />
                      org.apache.http.impl.execchain.RedirectExec.execute(RedirectExec.java:108)<br />
                      org.apache.http.impl.client.InternalHttpClient.doExecute(InternalHttpClient.java:184)<br />
                      org.apache.http.impl.client.CloseableHttpClient.execute(CloseableHttpClient.java:72)<br />
                      org.apache.http.impl.client.CloseableHttpClient.execute(CloseableHttpClient.java:57)<br />
                      org.openqa.selenium.remote.HttpCommandExecutor.fallBackExecute(HttpCommandExecutor.java:215)<br />
                      org.openqa.selenium.remote.HttpCommandExecutor.execute(HttpCommandExecutor.java:184)<br />
                      org.openqa.selenium.remote.RemoteWebDriver.execute(RemoteWebDriver.java:572)<br />
                      io.appium.java_client.AppiumDriver.execute(AppiumDriver.java:180)<br />
                      io.appium.java_client.AppiumDriver.execute(AppiumDriver.java:185)<br />
                      org.openqa.selenium.remote.RemoteWebDriver.quit(RemoteWebDriver.java:468)<br />
                      Tmall_One.Get_mall.ParallelClassesTestTWO.afterClass(ParallelClassesTestTWO.java:46)<br />
                      sun.reflect.NativeMethodAccessorImpl.invoke0(Native Method)<br />
                      sun.reflect.NativeMethodAccessorImpl.invoke(NativeMethodAccessorImpl.java:57)<br />
                      sun.reflect.DelegatingMethodAccessorImpl.invoke(DelegatingMethodAccessorImpl.java:43)<br />
                      java.lang.reflect.Method.invoke(Method.java:601)<br />
                      org.testng.internal.MethodInvocationHelper.invokeMethod(MethodInvocationHelper.java:84)<br />
                      org.testng.internal.Invoker.invokeConfigurationMethod(Invoker.java:564)<br />
                      org.testng.internal.Invoker.invokeConfigurations(Invoker.java:213)<br />
                      org.testng.internal.Invoker.invokeConfigurations(Invoker.java:138)<br />
                      org.testng.internal.TestMethodWorker.invokeAfterClassMethods(TestMethodWorker.java:225)<br />
                      org.testng.internal.TestMethodWorker.run(TestMethodWorker.java:114)<br />
                      org.testng.TestRunner.privateRun(TestRunner.java:767)<br />
                      org.testng.TestRunner.run(TestRunner.java:617)<br />
                      org.testng.SuiteRunner.runTest(SuiteRunner.java:334)<br />
                      org.testng.SuiteRunner.access$000(SuiteRunner.java:37)<br />
                      org.testng.SuiteRunner$SuiteWorker.run(SuiteRunner.java:368)<br />
                      org.testng.internal.thread.ThreadUtil$2.call(ThreadUtil.java:64)<br />
                      java.util.concurrent.FutureTask$Sync.innerRun(FutureTask.java:334)<br />
                      java.util.concurrent.FutureTask.run(FutureTask.java:166)<br />
                      java.util.concurrent.ThreadPoolExecutor.runWorker(ThreadPoolExecutor.java:1145)<br />
                      java.util.concurrent.ThreadPoolExecutor$Worker.run(ThreadPoolExecutor.java:615)<br />
                      java.lang.Thread.run(Thread.java:722)<br />
                  </div>
              <b>Caused by: </b> <a href="javascript:toggleElement('exception-2', 'block')" title="Click to expand/collapse">java.net.ConnectException: Connection refused: connect</a><br />
        <div class="stackTrace" id="exception-2">
                      java.net.DualStackPlainSocketImpl.waitForConnect(Native Method)<br />
                      java.net.DualStackPlainSocketImpl.socketConnect(DualStackPlainSocketImpl.java:75)<br />
                      java.net.AbstractPlainSocketImpl.doConnect(AbstractPlainSocketImpl.java:339)<br />
                      java.net.AbstractPlainSocketImpl.connectToAddress(AbstractPlainSocketImpl.java:200)<br />
                      java.net.AbstractPlainSocketImpl.connect(AbstractPlainSocketImpl.java:182)<br />
                      java.net.PlainSocketImpl.connect(PlainSocketImpl.java:157)<br />
                      java.net.SocksSocketImpl.connect(SocksSocketImpl.java:391)<br />
                      java.net.Socket.connect(Socket.java:579)<br />
                      org.apache.http.conn.socket.PlainConnectionSocketFactory.connectSocket(PlainConnectionSocketFactory.java:72)<br />
                      org.apache.http.impl.conn.HttpClientConnectionOperator.connect(HttpClientConnectionOperator.java:123)<br />
                      org.apache.http.impl.conn.PoolingHttpClientConnectionManager.connect(PoolingHttpClientConnectionManager.java:318)<br />
                      org.apache.http.impl.execchain.MainClientExec.establishRoute(MainClientExec.java:363)<br />
                      org.apache.http.impl.execchain.MainClientExec.execute(MainClientExec.java:219)<br />
                      org.apache.http.impl.execchain.ProtocolExec.execute(ProtocolExec.java:195)<br />
                      org.apache.http.impl.execchain.RetryExec.execute(RetryExec.java:86)<br />
                      org.apache.http.impl.execchain.RedirectExec.execute(RedirectExec.java:108)<br />
                      org.apache.http.impl.client.InternalHttpClient.doExecute(InternalHttpClient.java:184)<br />
                      org.apache.http.impl.client.CloseableHttpClient.execute(CloseableHttpClient.java:72)<br />
                      org.apache.http.impl.client.CloseableHttpClient.execute(CloseableHttpClient.java:57)<br />
                      org.openqa.selenium.remote.HttpCommandExecutor.fallBackExecute(HttpCommandExecutor.java:215)<br />
                      org.openqa.selenium.remote.HttpCommandExecutor.execute(HttpCommandExecutor.java:184)<br />
                      org.openqa.selenium.remote.RemoteWebDriver.execute(RemoteWebDriver.java:572)<br />
                      io.appium.java_client.AppiumDriver.execute(AppiumDriver.java:180)<br />
                      io.appium.java_client.AppiumDriver.execute(AppiumDriver.java:185)<br />
                      org.openqa.selenium.remote.RemoteWebDriver.quit(RemoteWebDriver.java:468)<br />
                      Tmall_One.Get_mall.ParallelClassesTestTWO.afterClass(ParallelClassesTestTWO.java:46)<br />
                      sun.reflect.NativeMethodAccessorImpl.invoke0(Native Method)<br />
                      sun.reflect.NativeMethodAccessorImpl.invoke(NativeMethodAccessorImpl.java:57)<br />
                      sun.reflect.DelegatingMethodAccessorImpl.invoke(DelegatingMethodAccessorImpl.java:43)<br />
                      java.lang.reflect.Method.invoke(Method.java:601)<br />
                      org.testng.internal.MethodInvocationHelper.invokeMethod(MethodInvocationHelper.java:84)<br />
                      org.testng.internal.Invoker.invokeConfigurationMethod(Invoker.java:564)<br />
                      org.testng.internal.Invoker.invokeConfigurations(Invoker.java:213)<br />
                      org.testng.internal.Invoker.invokeConfigurations(Invoker.java:138)<br />
                      org.testng.internal.TestMethodWorker.invokeAfterClassMethods(TestMethodWorker.java:225)<br />
                      org.testng.internal.TestMethodWorker.run(TestMethodWorker.java:114)<br />
                      org.testng.TestRunner.privateRun(TestRunner.java:767)<br />
                      org.testng.TestRunner.run(TestRunner.java:617)<br />
                      org.testng.SuiteRunner.runTest(SuiteRunner.java:334)<br />
                      org.testng.SuiteRunner.access$000(SuiteRunner.java:37)<br />
                      org.testng.SuiteRunner$SuiteWorker.run(SuiteRunner.java:368)<br />
                      org.testng.internal.thread.ThreadUtil$2.call(ThreadUtil.java:64)<br />
                      java.util.concurrent.FutureTask$Sync.innerRun(FutureTask.java:334)<br />
                      java.util.concurrent.FutureTask.run(FutureTask.java:166)<br />
                      java.util.concurrent.ThreadPoolExecutor.runWorker(ThreadPoolExecutor.java:1145)<br />
                      java.util.concurrent.ThreadPoolExecutor$Worker.run(ThreadPoolExecutor.java:615)<br />
                      java.lang.Thread.run(Thread.java:722)<br />
                  </div>
          </div>
      </td>
</tr>
    
      </table>


  <table class="resultsTable">
    <tr><th colspan="3" class="header failed">Failed Tests</th></tr>
          <tr>
        <td colspan="3" class="group">Tmall_One.Get_mall.ParallelClassesTestTWO</td>
      </tr>
            
<tr>
  <td class="method">
                  testMethodOne
      </td>
  <td class="duration">
    9558.750s
  </td>
  <td class="result">
        
    
        

        <a href="javascript:toggleElement('exception-3', 'block')" title="Click to expand/collapse"><b>org.openqa.selenium.WebDriverException: An unknown server-side error occurred while processing the command. (WARNING: The server did not provide any stacktrace information)<br/>
Command duration or timeout: 2 milliseconds<br/>
Build info: version: &apos;2.44.0&apos;, revision: &apos;76d78cf&apos;, time: &apos;2014-10-23 20:02:37&apos;<br/>
System info: host: &apos;WIN-NP5128&apos;, ip: &apos;192.168.2.100&apos;, os.name: &apos;Windows 7&apos;, os.arch: &apos;amd64&apos;, os.version: &apos;6.1&apos;, java.version: &apos;1.7.0_17&apos;<br/>
Session ID: 1f817370-c7b4-4513-b570-742642a8bce8<br/>
Driver info: io.appium.java_client.android.AndroidDriver<br/>
Capabilities [{platform=LINUX, javascriptEnabled=true, appActivity=com.taobao.tao.welcome.Welcome, browserName=Android, networkConnectionEnabled=true, udid=192.168.153.102:5555, desired={platformVersion=4.4, deviceName=192.168.153.102:5555, platformName=Android, appActivity=com.taobao.tao.welcome.Welcome, device=Android, udid=192.168.153.102:5555, appPackage=com.taobao.taobao}, locationContextEnabled=false, appPackage=com.taobao.taobao, platformVersion=4.4.4, databaseEnabled=false, platformName=Android, deviceName=192.168.153.102:5555, webStorageEnabled=false, device=Android, warnings={}, takesScreenshot=true}]</b></a><br />
    <div class="stackTrace" id="exception-3">
              sun.reflect.NativeConstructorAccessorImpl.newInstance0(Native Method)<br />
              sun.reflect.NativeConstructorAccessorImpl.newInstance(NativeConstructorAccessorImpl.java:57)<br />
              sun.reflect.DelegatingConstructorAccessorImpl.newInstance(DelegatingConstructorAccessorImpl.java:45)<br />
              java.lang.reflect.Constructor.newInstance(Constructor.java:525)<br />
              org.openqa.selenium.remote.ErrorHandler.createThrowable(ErrorHandler.java:204)<br />
              org.openqa.selenium.remote.ErrorHandler.throwIfResponseFailed(ErrorHandler.java:156)<br />
              org.openqa.selenium.remote.RemoteWebDriver.execute(RemoteWebDriver.java:599)<br />
              io.appium.java_client.AppiumDriver.execute(AppiumDriver.java:180)<br />
              io.appium.java_client.AppiumDriver.performTouchAction(AppiumDriver.java:293)<br />
              io.appium.java_client.MultiTouchAction.perform(MultiTouchAction.java:74)<br />
              io.appium.java_client.AppiumDriver.tap(AppiumDriver.java:334)<br />
              Tmall_One.Get_mall.ParallelClasses.Case(ParallelClasses.java:33)<br />
              Tmall_One.Get_mall.ParallelClassesTestTWO.testMethodOne(ParallelClassesTestTWO.java:38)<br />
              sun.reflect.NativeMethodAccessorImpl.invoke0(Native Method)<br />
              sun.reflect.NativeMethodAccessorImpl.invoke(NativeMethodAccessorImpl.java:57)<br />
              sun.reflect.DelegatingMethodAccessorImpl.invoke(DelegatingMethodAccessorImpl.java:43)<br />
              java.lang.reflect.Method.invoke(Method.java:601)<br />
              org.testng.internal.MethodInvocationHelper.invokeMethod(MethodInvocationHelper.java:84)<br />
              org.testng.internal.Invoker.invokeMethod(Invoker.java:714)<br />
              org.testng.internal.Invoker.invokeTestMethod(Invoker.java:901)<br />
              org.testng.internal.Invoker.invokeTestMethods(Invoker.java:1231)<br />
              org.testng.internal.TestMethodWorker.invokeTestMethods(TestMethodWorker.java:127)<br />
              org.testng.internal.TestMethodWorker.run(TestMethodWorker.java:111)<br />
              org.testng.TestRunner.privateRun(TestRunner.java:767)<br />
              org.testng.TestRunner.run(TestRunner.java:617)<br />
              org.testng.SuiteRunner.runTest(SuiteRunner.java:334)<br />
              org.testng.SuiteRunner.access$000(SuiteRunner.java:37)<br />
              org.testng.SuiteRunner$SuiteWorker.run(SuiteRunner.java:368)<br />
              org.testng.internal.thread.ThreadUtil$2.call(ThreadUtil.java:64)<br />
              java.util.concurrent.FutureTask$Sync.innerRun(FutureTask.java:334)<br />
              java.util.concurrent.FutureTask.run(FutureTask.java:166)<br />
              java.util.concurrent.ThreadPoolExecutor.runWorker(ThreadPoolExecutor.java:1145)<br />
              java.util.concurrent.ThreadPoolExecutor$Worker.run(ThreadPoolExecutor.java:615)<br />
              java.lang.Thread.run(Thread.java:722)<br />
                </div>
      </td>
</tr>
      </table>


  
</body>
</html>
