<?xml version="1.0" encoding="UTF-8"?>
<!-- Generated by org.testng.reporters.JUnitXMLReporter -->
<testsuite hostname="alibaba-103276N" name="sanxing" tests="1" failures="1" timestamp="21 Dec 2015 08:10:54 GMT" time="272.232" errors="0">
  <testcase name="testMethodOne" time="253.418" classname="Tmall_One.Get_mall.ParallelClassesTestTWO">
    <failure type="org.openqa.selenium.NoSuchElementException" message="An element could not be located on the page using the given search parameters. (WARNING: The server did not provide any stacktrace information)
Command duration or timeout: 50.51 seconds
For documentation on this error, please visit: http://seleniumhq.org/exceptions/no_such_element.html
Build info: version: &amp;apos;2.44.0&amp;apos;, revision: &amp;apos;76d78cf&amp;apos;, time: &amp;apos;2014-10-23 20:02:37&amp;apos;
System info: host: &amp;apos;alibaba-103276N&amp;apos;, ip: &amp;apos;30.17.1.150&amp;apos;, os.name: &amp;apos;Windows 7&amp;apos;, os.arch: &amp;apos;amd64&amp;apos;, os.version: &amp;apos;6.1&amp;apos;, java.version: &amp;apos;1.8.0_65&amp;apos;
Driver info: io.appium.java_client.android.AndroidDriver
Capabilities [{appPackage=com.sds.android.ttpod, networkConnectionEnabled=true, warnings={}, databaseEnabled=false, deviceName=38f8d32d, platform=LINUX, appActivity=com.sds.android.ttpod.EntryActivity, desired={appPackage=com.sds.android.ttpod, appActivity=com.sds.android.ttpod.EntryActivity, platformVersion=4.4, udid=38f8d32d, platformName=Android, device=Android, deviceName=38f8d32d}, platformVersion=4.4.4, webStorageEnabled=false, locationContextEnabled=false, browserName=Android, takesScreenshot=true, javascriptEnabled=true, udid=38f8d32d, platformName=Android, device=Android}]
Session ID: f992d0db-4544-49fe-921e-487a3943b3e8">
      <![CDATA[org.openqa.selenium.NoSuchElementException: An element could not be located on the page using the given search parameters. (WARNING: The server did not provide any stacktrace information)
Command duration or timeout: 50.51 seconds
For documentation on this error, please visit: http://seleniumhq.org/exceptions/no_such_element.html
Build info: version: '2.44.0', revision: '76d78cf', time: '2014-10-23 20:02:37'
System info: host: 'alibaba-103276N', ip: '30.17.1.150', os.name: 'Windows 7', os.arch: 'amd64', os.version: '6.1', java.version: '1.8.0_65'
Driver info: io.appium.java_client.android.AndroidDriver
Capabilities [{appPackage=com.sds.android.ttpod, networkConnectionEnabled=true, warnings={}, databaseEnabled=false, deviceName=38f8d32d, platform=LINUX, appActivity=com.sds.android.ttpod.EntryActivity, desired={appPackage=com.sds.android.ttpod, appActivity=com.sds.android.ttpod.EntryActivity, platformVersion=4.4, udid=38f8d32d, platformName=Android, device=Android, deviceName=38f8d32d}, platformVersion=4.4.4, webStorageEnabled=false, locationContextEnabled=false, browserName=Android, takesScreenshot=true, javascriptEnabled=true, udid=38f8d32d, platformName=Android, device=Android}]
Session ID: f992d0db-4544-49fe-921e-487a3943b3e8
	at org.openqa.selenium.remote.ErrorHandler.createThrowable(ErrorHandler.java:204)
	at org.openqa.selenium.remote.ErrorHandler.throwIfResponseFailed(ErrorHandler.java:156)
	at org.openqa.selenium.remote.RemoteWebDriver.execute(RemoteWebDriver.java:599)
	at io.appium.java_client.AppiumDriver.execute(AppiumDriver.java:180)
	at org.openqa.selenium.remote.RemoteWebDriver.findElement(RemoteWebDriver.java:352)
	at org.openqa.selenium.remote.RemoteWebDriver.findElementById(RemoteWebDriver.java:393)
	at org.openqa.selenium.By$ById.findElement(By.java:214)
	at org.openqa.selenium.remote.RemoteWebDriver.findElement(RemoteWebDriver.java:344)
	at Tmall_One.Get_mall.ParallelClasses.Case(ParallelClasses.java:11)
	at Tmall_One.Get_mall.ParallelClassesTestTWO.testMethodOne(ParallelClassesTestTWO.java:41)
	at java.util.concurrent.FutureTask.run(FutureTask.java:266)
	at java.util.concurrent.ThreadPoolExecutor.runWorker(ThreadPoolExecutor.java:1142)
	at java.util.concurrent.ThreadPoolExecutor$Worker.run(ThreadPoolExecutor.java:617)
	at java.lang.Thread.run(Thread.java:745)
... Removed 20 stack frames]]>
    </failure>
  </testcase> <!-- testMethodOne -->
</testsuite> <!-- sanxing -->
